Build started 6. 12. 2020 23:22:45.
     1>Project "C:\Users\Yenkee\Desktop\vsb-tuo\ing\II. ročník\spt\kulhi\5. cvic\cviceni4\test\test.vcxproj" on node 3 (build target(s)).
     1>InitializeBuildStatus:
         Touching "Debug\test.unsuccessfulbuild".
       ClCompile:
         C:\Program Files (x86)\Microsoft Visual Studio 10.0\VC\bin\CL.exe /c /ZI /nologo /W3 /WX- /Od /Oy- /D WIN32 /D _DEBUG /D _CONSOLE /D _UNICODE /D UNICODE /Gm /EHsc /RTC1 /MDd /GS /fp:precise /Zc:wchar_t /Zc:forScope /Fo"Debug\\" /Fd"Debug\vc100.pdb" /Gd /TP /analyze- /errorReport:prompt long.cpp main.cpp
         main.cpp
     1>c:\users\yenkee\desktop\vsb-tuo\ing\ii. ročník\spt\kulhi\5. cvic\cviceni4\test\real.h(6): error C2143: syntax error : missing ';' before 'using'
         long.cpp
     1>c:\users\yenkee\desktop\vsb-tuo\ing\ii. ročník\spt\kulhi\5. cvic\cviceni4\test\long.cpp(3): error C2533: 'long_no::{ctor}' : constructors not allowed a return type
         Generating Code...
     1>Done Building Project "C:\Users\Yenkee\Desktop\vsb-tuo\ing\II. ročník\spt\kulhi\5. cvic\cviceni4\test\test.vcxproj" (build target(s)) -- FAILED.

Build FAILED.

Time Elapsed 00:00:00.95
